20 Messages Loaded
Asserts file unavailable
User program list:
	Program [programWhichDoesNotExist] with arrival time [0]
	Program [programInvalidPriority] with arrival time [0]
	Program [programInvalidSize] with arrival time [0]
	Program [programTooBig] with arrival time [0]
	Program [programWithTooManyInstructions] with arrival time [0]
	Program [programMEMADD] with arrival time [0]
Process [0] created from program [SystemIdleProcess]
ERROR: Program [programWhichDoesNotExist] is not valid [---it does not exist---]
ERROR: Program [programInvalidPriority] is not valid [---it does not exist---]
ERROR: Program [programInvalidSize] is not valid [---invalid priority or size---]
ERROR: Program [programTooBig] is too big
ERROR: Program [programWithTooManyInstructions] is too big
ERROR: Program [programMEMADD] is not valid [---invalid priority or size---]
New Tick (1)
y 0 0 (PC: 0, Accumulator: 0, PSW: 130 [--------X-----Z-])
New Tick (2)
a 100 6 (PC: 1, Accumulator: 106, PSW: 128 [--------X-------])
New Tick (3)
n 0 0 (PC: 2, Accumulator: 106, PSW: 128 [--------X-------])
New Tick (4)
j -1 0 (PC: 1, Accumulator: 106, PSW: 128 [--------X-------])
New Tick (5)
n 0 0 (PC: 2, Accumulator: 106, PSW: 128 [--------X-------])
New Tick (6)
j -1 0 (PC: 1, Accumulator: 106, PSW: 128 [--------X-------])
New Tick (7)
n 0 0 (PC: 2, Accumulator: 106, PSW: 128 [--------X-------])
New Tick (8)
j -1 0 (PC: 1, Accumulator: 106, PSW: 128 [--------X-------])
New Tick (9)
n 0 0 (PC: 2, Accumulator: 106, PSW: 128 [--------X-------])
New Tick (10)
j -1 0 (PC: 1, Accumulator: 106, PSW: 128 [--------X-------])
New Tick (11)
n 0 0 (PC: 2, Accumulator: 106, PSW: 128 [--------X-------])
New Tick (12)
j -1 0 (PC: 1, Accumulator: 106, PSW: 128 [--------X-------])
New Tick (13)
n 0 0 (PC: 2, Accumulator: 106, PSW: 128 [--------X-------])
New Tick (14)
j -1 0 (PC: 1, Accumulator: 106, PSW: 128 [--------X-------])
New Tick (15)
n 0 0 (PC: 2, Accumulator: 106, PSW: 128 [--------X-------])
New Tick (16)
j -1 0 (PC: 1, Accumulator: 106, PSW: 128 [--------X-------])
New Tick (17)
n 0 0 (PC: 2, Accumulator: 106, PSW: 128 [--------X-------])
New Tick (18)
j -1 0 (PC: 1, Accumulator: 106, PSW: 128 [--------X-------])
New Tick (19)
n 0 0 (PC: 2, Accumulator: 106, PSW: 128 [--------X-------])
New Tick (20)
j -1 0 (PC: 1, Accumulator: 106, PSW: 128 [--------X-------])
New Tick (21)
n 0 0 (PC: 2, Accumulator: 106, PSW: 128 [--------X-------])
New Tick (22)
j -1 0 (PC: 1, Accumulator: 106, PSW: 128 [--------X-------])
New Tick (23)
n 0 0 (PC: 2, Accumulator: 106, PSW: 128 [--------X-------])
New Tick (24)
j -1 0 (PC: 1, Accumulator: 106, PSW: 128 [--------X-------])
New Tick (25)
n 0 0 (PC: 2, Accumulator: 106, PSW: 128 [--------X-------])
New Tick (26)
j -1 0 (PC: 1, Accumulator: 106, PSW: 128 [--------X-------])
New Tick (27)
n 0 0 (PC: 2, Accumulator: 106, PSW: 128 [--------X-------])
New Tick (28)
j -1 0 (PC: 1, Accumulator: 106, PSW: 128 [--------X-------])
New Tick (29)
n 0 0 (PC: 2, Accumulator: 106, PSW: 128 [--------X-------])
New Tick (30)
j -1 0 (PC: 1, Accumulator: 106, PSW: 128 [--------X-------])
New Tick (31)
n 0 0 (PC: 2, Accumulator: 106, PSW: 128 [--------X-------])
New Tick (32)
j -1 0 (PC: 1, Accumulator: 106, PSW: 128 [--------X-------])
New Tick (33)
n 0 0 (PC: 2, Accumulator: 106, PSW: 128 [--------X-------])
New Tick (34)
j -1 0 (PC: 1, Accumulator: 106, PSW: 128 [--------X-------])
New Tick (35)
n 0 0 (PC: 2, Accumulator: 106, PSW: 128 [--------X-------])
New Tick (36)
j -1 0 (PC: 1, Accumulator: 106, PSW: 128 [--------X-------])
New Tick (37)
n 0 0 (PC: 2, Accumulator: 106, PSW: 128 [--------X-------])
New Tick (38)
j -1 0 (PC: 1, Accumulator: 106, PSW: 128 [--------X-------])
New Tick (39)
n 0 0 (PC: 2, Accumulator: 106, PSW: 128 [--------X-------])
New Tick (40)
j -1 0 (PC: 1, Accumulator: 106, PSW: 128 [--------X-------])
New Tick (41)
n 0 0 (PC: 2, Accumulator: 106, PSW: 128 [--------X-------])
New Tick (42)
j -1 0 (PC: 1, Accumulator: 106, PSW: 128 [--------X-------])
New Tick (43)
n 0 0 (PC: 2, Accumulator: 106, PSW: 128 [--------X-------])
New Tick (44)
j -1 0 (PC: 1, Accumulator: 106, PSW: 128 [--------X-------])
New Tick (45)
n 0 0 (PC: 2, Accumulator: 106, PSW: 128 [--------X-------])
New Tick (46)
j -1 0 (PC: 1, Accumulator: 106, PSW: 128 [--------X-------])
New Tick (47)
n 0 0 (PC: 2, Accumulator: 106, PSW: 128 [--------X-------])
New Tick (48)
j -1 0 (PC: 1, Accumulator: 106, PSW: 128 [--------X-------])
New Tick (49)
n 0 0 (PC: 2, Accumulator: 106, PSW: 128 [--------X-------])
New Tick (50)
j -1 0 (PC: 1, Accumulator: 106, PSW: 128 [--------X-------])
New Tick (51)
n 0 0 (PC: 2, Accumulator: 106, PSW: 128 [--------X-------])
New Tick (52)
j -1 0 (PC: 1, Accumulator: 106, PSW: 128 [--------X-------])
New Tick (53)
n 0 0 (PC: 2, Accumulator: 106, PSW: 128 [--------X-------])
New Tick (54)
j -1 0 (PC: 1, Accumulator: 106, PSW: 128 [--------X-------])
New Tick (55)
n 0 0 (PC: 2, Accumulator: 106, PSW: 128 [--------X-------])
New Tick (56)
j -1 0 (PC: 1, Accumulator: 106, PSW: 128 [--------X-------])
New Tick (57)
n 0 0 (PC: 2, Accumulator: 106, PSW: 128 [--------X-------])
New Tick (58)
j -1 0 (PC: 1, Accumulator: 106, PSW: 128 [--------X-------])
New Tick (59)
n 0 0 (PC: 2, Accumulator: 106, PSW: 128 [--------X-------])
New Tick (60)
j -1 0 (PC: 1, Accumulator: 106, PSW: 128 [--------X-------])
New Tick (61)
n 0 0 (PC: 2, Accumulator: 106, PSW: 128 [--------X-------])
New Tick (62)
j -1 0 (PC: 1, Accumulator: 106, PSW: 128 [--------X-------])
New Tick (63)
n 0 0 (PC: 2, Accumulator: 106, PSW: 128 [--------X-------])
New Tick (64)
j -1 0 (PC: 1, Accumulator: 106, PSW: 128 [--------X-------])
New Tick (65)
n 0 0 (PC: 2, Accumulator: 106, PSW: 128 [--------X-------])
New Tick (66)
j -1 0 (PC: 1, Accumulator: 106, PSW: 128 [--------X-------])
New Tick (67)
n 0 0 (PC: 2, Accumulator: 106, PSW: 128 [--------X-------])
New Tick (68)
j -1 0 (PC: 1, Accumulator: 106, PSW: 128 [--------X-------])
New Tick (69)
n 0 0 (PC: 2, Accumulator: 106, PSW: 128 [--------X-------])
New Tick (70)
j -1 0 (PC: 1, Accumulator: 106, PSW: 128 [--------X-------])
New Tick (71)
n 0 0 (PC: 2, Accumulator: 106, PSW: 128 [--------X-------])
New Tick (72)
j -1 0 (PC: 1, Accumulator: 106, PSW: 128 [--------X-------])
New Tick (73)
n 0 0 (PC: 2, Accumulator: 106, PSW: 128 [--------X-------])
New Tick (74)
j -1 0 (PC: 1, Accumulator: 106, PSW: 128 [--------X-------])
New Tick (75)
n 0 0 (PC: 2, Accumulator: 106, PSW: 128 [--------X-------])
New Tick (76)
j -1 0 (PC: 1, Accumulator: 106, PSW: 128 [--------X-------])
New Tick (77)
n 0 0 (PC: 2, Accumulator: 106, PSW: 128 [--------X-------])
New Tick (78)
j -1 0 (PC: 1, Accumulator: 106, PSW: 128 [--------X-------])
New Tick (79)
n 0 0 (PC: 2, Accumulator: 106, PSW: 128 [--------X-------])
New Tick (80)
j -1 0 (PC: 1, Accumulator: 106, PSW: 128 [--------X-------])
New Tick (81)
n 0 0 (PC: 2, Accumulator: 106, PSW: 128 [--------X-------])
New Tick (82)
j -1 0 (PC: 1, Accumulator: 106, PSW: 128 [--------X-------])
New Tick (83)
n 0 0 (PC: 2, Accumulator: 106, PSW: 128 [--------X-------])
New Tick (84)
j -1 0 (PC: 1, Accumulator: 106, PSW: 128 [--------X-------])
New Tick (85)
n 0 0 (PC: 2, Accumulator: 106, PSW: 128 [--------X-------])
New Tick (86)
j -1 0 (PC: 1, Accumulator: 106, PSW: 128 [--------X-------])
New Tick (87)
n 0 0 (PC: 2, Accumulator: 106, PSW: 128 [--------X-------])
New Tick (88)
j -1 0 (PC: 1, Accumulator: 106, PSW: 128 [--------X-------])
New Tick (89)
n 0 0 (PC: 2, Accumulator: 106, PSW: 128 [--------X-------])
New Tick (90)
j -1 0 (PC: 1, Accumulator: 106, PSW: 128 [--------X-------])
New Tick (91)
n 0 0 (PC: 2, Accumulator: 106, PSW: 128 [--------X-------])
New Tick (92)
j -1 0 (PC: 1, Accumulator: 106, PSW: 128 [--------X-------])
