37 Messages Loaded
Asserts file unavailable
User program list:
	Program [programV2-fa] with arrival time [0]
	Program [iDontExist] with arrival time [0]
	Program [programV2-fb] with arrival time [0]
	Program [programV2-fc] with arrival time [0]
	[0] New process [0] moving to the [NEW]
	[0] Process [0] created from program [SystemIdleProcess]
	[0] Process [0] moving from the [NEW] state to the [READY] state
	[0] Ready-to-run process queue: 
	[0] 	USER: 
 	[0] 	DAEMONS: [0,100]
 	[0] New process [1] moving to the [NEW]
	[0] Process [1] created from program [programV2-fa]
	[0] Process [1] moving from the [NEW] state to the [READY] state
	[0] Ready-to-run process queue: 
	[0] 	USER: [1,5]
 	[0] 	DAEMONS: [0,100]
 	[0] ERROR: Program [iDontExist] is not valid [---it does not exist---]
	[0] New process [2] moving to the [NEW]
	[0] Process [2] created from program [programV2-fb]
	[0] Process [2] moving from the [NEW] state to the [READY] state
	[0] Ready-to-run process queue: 
	[0] 	USER: [1,5][2,999]
 	[0] 	DAEMONS: [0,100]
 	[0] New process [3] moving to the [NEW]
	[0] Process [3] created from program [programV2-fc]
	[0] Process [3] moving from the [NEW] state to the [READY] state
	[0] Ready-to-run process queue: 
	[0] 	USER: [1,5][2,999][3,5]
 	[0] 	DAEMONS: [0,100]
 	[0] Process [1] moving from the [READY] state to the [EXECUTING] state
New Tick (1)
[1] y 0 0_ _ _ (PC: 0, Accumulator: 0, PSW: 2 [--------------Z-])
New Tick (2)
[2] n 0 0_ _ _ (PC: 1, Accumulator: 0, PSW: 2 [--------------Z-])
New Tick (3)
[3] a 5 0_ _ _ (PC: 2, Accumulator: 5, PSW: 0 [----------------])
New Tick (4)
[4] t 7 0_ _ _ (PC: 3, Accumulator: 5, PSW: 0 [----------------])
New Tick (5)
[5] o 2 0_ _ _ (PC: 241, Accumulator: 5, PSW: 32896 [M-------X-------])
New Tick (6)
	[6] Process [1] moving from the [EXECUTING] state to the [BLOCKED] state
	[6] Ready-to-run process queue: 
	[6] 	USER: [3,5][2,999]
 	[6] 	DAEMONS: [0,100]
 	[6] PID association with program's name:
		PID: 0 -> SystemIdleProcess
		PID: 1 -> programV2-fa
		PID: 2 -> programV2-fb
		PID: 3 -> programV2-fc
New Tick (7)
[7] y 0 0_ _ _ (PC: 3, Accumulator: 5, PSW: 0 [----------------])
New Tick (8)
[8] o 9 0_ _ _ (PC: 245, Accumulator: 5, PSW: 32896 [M-------X-------])
New Tick (9)
	[9] Clock interrupt number [1] has ocurred
New Tick (10)
[10] y 0 0_ _ _ (PC: 3, Accumulator: 5, PSW: 0 [----------------])
New Tick (11)
[11] o 9 0_ _ _ (PC: 245, Accumulator: 5, PSW: 32896 [M-------X-------])
New Tick (12)
	[12] Clock interrupt number [2] has ocurred
New Tick (13)
[13] y 0 0_ _ _ (PC: 3, Accumulator: 5, PSW: 0 [----------------])
New Tick (14)
[14] t 4 0_ _ _ (PC: 4, Accumulator: 5, PSW: 0 [----------------])
New Tick (15)
[15] o 2 0_ _ _ (PC: 241, Accumulator: 5, PSW: 32896 [M-------X-------])
New Tick (16)
	[16] Process [1] moving from the [BLOCKED] state to the [READY] state
	[16] Ready-to-run process queue: 
	[16] 	USER: [1,5][2,999]
 	[16] 	DAEMONS: [0,100]
 	[16] Process [3] moving from the [READY] state to the [EXECUTING] state
New Tick (17)
[17] y 0 0_ _ _ (PC: 0, Accumulator: 5, PSW: 0 [----------------])
New Tick (18)
[18] o 9 0_ _ _ (PC: 245, Accumulator: 5, PSW: 32896 [M-------X-------])
New Tick (19)
	[19] Clock interrupt number [3] has ocurred
New Tick (20)
[20] y 0 0_ _ _ (PC: 0, Accumulator: 5, PSW: 0 [----------------])
New Tick (21)
[21] o 9 0_ _ _ (PC: 245, Accumulator: 5, PSW: 32896 [M-------X-------])
New Tick (22)
	[22] Clock interrupt number [4] has ocurred
New Tick (23)
[23] y 0 0_ _ _ (PC: 0, Accumulator: 5, PSW: 0 [----------------])
New Tick (24)
[24] n 0 0_ _ _ (PC: 1, Accumulator: 5, PSW: 0 [----------------])
New Tick (25)
[25] a 2 0_ _ _ (PC: 2, Accumulator: 2, PSW: 0 [----------------])
New Tick (26)
[26] o 9 0_ _ _ (PC: 245, Accumulator: 2, PSW: 32896 [M-------X-------])
New Tick (27)
	[27] Clock interrupt number [5] has ocurred
New Tick (28)
[28] y 0 0_ _ _ (PC: 2, Accumulator: 2, PSW: 0 [----------------])
New Tick (29)
[29] t 7 0_ _ _ (PC: 3, Accumulator: 2, PSW: 0 [----------------])
New Tick (30)
[30] o 2 0_ _ _ (PC: 241, Accumulator: 2, PSW: 32896 [M-------X-------])
New Tick (31)
	[31] Process [3] moving from the [EXECUTING] state to the [BLOCKED] state
	[31] Ready-to-run process queue: 
	[31] 	USER: [1,5][2,999]
 	[31] 	DAEMONS: [0,100]
 	[31] PID association with program's name:
		PID: 0 -> SystemIdleProcess
		PID: 1 -> programV2-fa
		PID: 2 -> programV2-fb
		PID: 3 -> programV2-fc
New Tick (32)
[32] y 0 0_ _ _ (PC: 3, Accumulator: 2, PSW: 0 [----------------])
New Tick (33)
[33] o 9 0_ _ _ (PC: 245, Accumulator: 2, PSW: 32896 [M-------X-------])
New Tick (34)
	[34] Clock interrupt number [6] has ocurred
New Tick (35)
[35] y 0 0_ _ _ (PC: 3, Accumulator: 2, PSW: 0 [----------------])
New Tick (36)
[36] o 9 0_ _ _ (PC: 245, Accumulator: 2, PSW: 32896 [M-------X-------])
New Tick (37)
	[37] Clock interrupt number [7] has ocurred
New Tick (38)
[38] y 0 0_ _ _ (PC: 3, Accumulator: 2, PSW: 0 [----------------])
New Tick (39)
[39] t 4 0_ _ _ (PC: 4, Accumulator: 2, PSW: 0 [----------------])
New Tick (40)
[40] o 2 0_ _ _ (PC: 241, Accumulator: 2, PSW: 32896 [M-------X-------])
New Tick (41)
	[41] Process [3] moving from the [BLOCKED] state to the [READY] state
	[41] Ready-to-run process queue: 
	[41] 	USER: [3,5][2,999]
 	[41] 	DAEMONS: [0,100]
 	[41] Process [1] moving from the [READY] state to the [EXECUTING] state
New Tick (42)
[42] y 0 0_ _ _ (PC: 4, Accumulator: 2, PSW: 0 [----------------])
New Tick (43)
[43] o 9 0_ _ _ (PC: 245, Accumulator: 2, PSW: 32896 [M-------X-------])
New Tick (44)
	[44] Clock interrupt number [8] has ocurred
New Tick (45)
[45] y 0 0_ _ _ (PC: 4, Accumulator: 2, PSW: 0 [----------------])
New Tick (46)
[46] o 9 0_ _ _ (PC: 245, Accumulator: 2, PSW: 32896 [M-------X-------])
New Tick (47)
	[47] Clock interrupt number [9] has ocurred
New Tick (48)
[48] y 0 0_ _ _ (PC: 4, Accumulator: 2, PSW: 0 [----------------])
New Tick (49)
[49] t 3 0_ _ _ (PC: 5, Accumulator: 2, PSW: 0 [----------------])
New Tick (50)
[50] o 2 0_ _ _ (PC: 241, Accumulator: 2, PSW: 32896 [M-------X-------])
New Tick (51)
	[51] Process [1] has requested to terminate
	[51] Process [1] moving from the [EXECUTING] state to the [EXIT] state
	[51] Process [3] moving from the [READY] state to the [EXECUTING] state
New Tick (52)
[52] y 0 0_ _ _ (PC: 4, Accumulator: 2, PSW: 0 [----------------])
New Tick (53)
[53] o 9 0_ _ _ (PC: 245, Accumulator: 2, PSW: 32896 [M-------X-------])
New Tick (54)
	[54] Clock interrupt number [10] has ocurred
New Tick (55)
[55] y 0 0_ _ _ (PC: 4, Accumulator: 2, PSW: 0 [----------------])
New Tick (56)
[56] o 9 0_ _ _ (PC: 245, Accumulator: 2, PSW: 32896 [M-------X-------])
New Tick (57)
	[57] Clock interrupt number [11] has ocurred
New Tick (58)
[58] y 0 0_ _ _ (PC: 4, Accumulator: 2, PSW: 0 [----------------])
New Tick (59)
[59] y 0 0_ _ _ (PC: 4, Accumulator: 2, PSW: 0 [----------------])
New Tick (60)
[60] y 0 0_ _ _ (PC: 4, Accumulator: 2, PSW: 0 [----------------])
New Tick (61)
[61] o 9 0_ _ _ (PC: 245, Accumulator: 2, PSW: 32896 [M-------X-------])
New Tick (62)
	[62] Clock interrupt number [12] has ocurred
New Tick (63)
[63] y 0 0_ _ _ (PC: 4, Accumulator: 2, PSW: 0 [----------------])
New Tick (64)
[64] y 0 0_ _ _ (PC: 4, Accumulator: 2, PSW: 0 [----------------])
New Tick (65)
[65] y 0 0_ _ _ (PC: 4, Accumulator: 2, PSW: 0 [----------------])
New Tick (66)
[66] o 9 0_ _ _ (PC: 245, Accumulator: 2, PSW: 32896 [M-------X-------])
New Tick (67)
	[67] Clock interrupt number [13] has ocurred
New Tick (68)
[68] y 0 0_ _ _ (PC: 4, Accumulator: 2, PSW: 0 [----------------])
New Tick (69)
[69] y 0 0_ _ _ (PC: 4, Accumulator: 2, PSW: 0 [----------------])
New Tick (70)
[70] y 0 0_ _ _ (PC: 4, Accumulator: 2, PSW: 0 [----------------])
New Tick (71)
[71] o 9 0_ _ _ (PC: 245, Accumulator: 2, PSW: 32896 [M-------X-------])
New Tick (72)
	[72] Clock interrupt number [14] has ocurred
New Tick (73)
[73] y 0 0_ _ _ (PC: 4, Accumulator: 2, PSW: 0 [----------------])
New Tick (74)
[74] y 0 0_ _ _ (PC: 4, Accumulator: 2, PSW: 0 [----------------])
New Tick (75)
[75] y 0 0_ _ _ (PC: 4, Accumulator: 2, PSW: 0 [----------------])
New Tick (76)
[76] o 9 0_ _ _ (PC: 245, Accumulator: 2, PSW: 32896 [M-------X-------])
New Tick (77)
	[77] Clock interrupt number [15] has ocurred
New Tick (78)
[78] y 0 0_ _ _ (PC: 4, Accumulator: 2, PSW: 0 [----------------])
New Tick (79)
[79] y 0 0_ _ _ (PC: 4, Accumulator: 2, PSW: 0 [----------------])
New Tick (80)
[80] y 0 0_ _ _ (PC: 4, Accumulator: 2, PSW: 0 [----------------])
New Tick (81)
[81] o 9 0_ _ _ (PC: 245, Accumulator: 2, PSW: 32896 [M-------X-------])
New Tick (82)
	[82] Clock interrupt number [16] has ocurred
New Tick (83)
[83] y 0 0_ _ _ (PC: 4, Accumulator: 2, PSW: 0 [----------------])
New Tick (84)
[84] y 0 0_ _ _ (PC: 4, Accumulator: 2, PSW: 0 [----------------])
New Tick (85)
[85] y 0 0_ _ _ (PC: 4, Accumulator: 2, PSW: 0 [----------------])
New Tick (86)
[86] o 9 0_ _ _ (PC: 245, Accumulator: 2, PSW: 32896 [M-------X-------])
New Tick (87)
	[87] Clock interrupt number [17] has ocurred
New Tick (88)
[88] y 0 0_ _ _ (PC: 4, Accumulator: 2, PSW: 0 [----------------])
New Tick (89)
[89] y 0 0_ _ _ (PC: 4, Accumulator: 2, PSW: 0 [----------------])
New Tick (90)
[90] y 0 0_ _ _ (PC: 4, Accumulator: 2, PSW: 0 [----------------])
New Tick (91)
[91] o 9 0_ _ _ (PC: 245, Accumulator: 2, PSW: 32896 [M-------X-------])
New Tick (92)
	[92] Clock interrupt number [18] has ocurred
New Tick (93)
[93] y 0 0_ _ _ (PC: 4, Accumulator: 2, PSW: 0 [----------------])
New Tick (94)
[94] y 0 0_ _ _ (PC: 4, Accumulator: 2, PSW: 0 [----------------])
New Tick (95)
[95] y 0 0_ _ _ (PC: 4, Accumulator: 2, PSW: 0 [----------------])
New Tick (96)
[96] o 9 0_ _ _ (PC: 245, Accumulator: 2, PSW: 32896 [M-------X-------])
New Tick (97)
	[97] Clock interrupt number [19] has ocurred
New Tick (98)
[98] y 0 0_ _ _ (PC: 4, Accumulator: 2, PSW: 0 [----------------])
New Tick (99)
[99] y 0 0_ _ _ (PC: 4, Accumulator: 2, PSW: 0 [----------------])
New Tick (100)
[100] y 0 0_ _ _ (PC: 4, Accumulator: 2, PSW: 0 [----------------])
New Tick (101)
[101] o 9 0_ _ _ (PC: 245, Accumulator: 2, PSW: 32896 [M-------X-------])
New Tick (102)
	[102] Clock interrupt number [20] has ocurred
New Tick (103)
[103] y 0 0_ _ _ (PC: 4, Accumulator: 2, PSW: 0 [----------------])
New Tick (104)
[104] y 0 0_ _ _ (PC: 4, Accumulator: 2, PSW: 0 [----------------])
New Tick (105)
[105] y 0 0_ _ _ (PC: 4, Accumulator: 2, PSW: 0 [----------------])
New Tick (106)
[106] o 9 0_ _ _ (PC: 245, Accumulator: 2, PSW: 32896 [M-------X-------])
New Tick (107)
	[107] Clock interrupt number [21] has ocurred
New Tick (108)
[108] y 0 0_ _ _ (PC: 4, Accumulator: 2, PSW: 0 [----------------])
New Tick (109)
[109] y 0 0_ _ _ (PC: 4, Accumulator: 2, PSW: 0 [----------------])
New Tick (110)
[110] y 0 0_ _ _ (PC: 4, Accumulator: 2, PSW: 0 [----------------])
New Tick (111)
[111] o 9 0_ _ _ (PC: 245, Accumulator: 2, PSW: 32896 [M-------X-------])
New Tick (112)
	[112] Clock interrupt number [22] has ocurred
New Tick (113)
[113] y 0 0_ _ _ (PC: 4, Accumulator: 2, PSW: 0 [----------------])
New Tick (114)
[114] y 0 0_ _ _ (PC: 4, Accumulator: 2, PSW: 0 [----------------])
New Tick (115)
[115] y 0 0_ _ _ (PC: 4, Accumulator: 2, PSW: 0 [----------------])
New Tick (116)
[116] o 9 0_ _ _ (PC: 245, Accumulator: 2, PSW: 32896 [M-------X-------])
New Tick (117)
	[117] Clock interrupt number [23] has ocurred
New Tick (118)
[118] y 0 0_ _ _ (PC: 4, Accumulator: 2, PSW: 0 [----------------])
New Tick (119)
[119] y 0 0_ _ _ (PC: 4, Accumulator: 2, PSW: 0 [----------------])
New Tick (120)
[120] y 0 0_ _ _ (PC: 4, Accumulator: 2, PSW: 0 [----------------])
New Tick (121)
[121] o 9 0_ _ _ (PC: 245, Accumulator: 2, PSW: 32896 [M-------X-------])
New Tick (122)
	[122] Clock interrupt number [24] has ocurred
New Tick (123)
[123] y 0 0_ _ _ (PC: 4, Accumulator: 2, PSW: 0 [----------------])
New Tick (124)
[124] y 0 0_ _ _ (PC: 4, Accumulator: 2, PSW: 0 [----------------])
New Tick (125)
[125] y 0 0_ _ _ (PC: 4, Accumulator: 2, PSW: 0 [----------------])
New Tick (126)
[126] o 9 0_ _ _ (PC: 245, Accumulator: 2, PSW: 32896 [M-------X-------])
New Tick (127)
	[127] Clock interrupt number [25] has ocurred
New Tick (128)
[128] y 0 0_ _ _ (PC: 4, Accumulator: 2, PSW: 0 [----------------])
New Tick (129)
[129] y 0 0_ _ _ (PC: 4, Accumulator: 2, PSW: 0 [----------------])
New Tick (130)
[130] y 0 0_ _ _ (PC: 4, Accumulator: 2, PSW: 0 [----------------])
New Tick (131)
[131] o 9 0_ _ _ (PC: 245, Accumulator: 2, PSW: 32896 [M-------X-------])
New Tick (132)
	[132] Clock interrupt number [26] has ocurred
New Tick (133)
[133] y 0 0_ _ _ (PC: 4, Accumulator: 2, PSW: 0 [----------------])
New Tick (134)
[134] y 0 0_ _ _ (PC: 4, Accumulator: 2, PSW: 0 [----------------])
New Tick (135)
[135] y 0 0_ _ _ (PC: 4, Accumulator: 2, PSW: 0 [----------------])
New Tick (136)
[136] o 9 0_ _ _ (PC: 245, Accumulator: 2, PSW: 32896 [M-------X-------])
New Tick (137)
	[137] Clock interrupt number [27] has ocurred
New Tick (138)
[138] y 0 0_ _ _ (PC: 4, Accumulator: 2, PSW: 0 [----------------])
New Tick (139)
[139] y 0 0_ _ _ (PC: 4, Accumulator: 2, PSW: 0 [----------------])
New Tick (140)
[140] y 0 0_ _ _ (PC: 4, Accumulator: 2, PSW: 0 [----------------])
New Tick (141)
[141] o 9 0_ _ _ (PC: 245, Accumulator: 2, PSW: 32896 [M-------X-------])
New Tick (142)
	[142] Clock interrupt number [28] has ocurred
New Tick (143)
[143] y 0 0_ _ _ (PC: 4, Accumulator: 2, PSW: 0 [----------------])
New Tick (144)
[144] y 0 0_ _ _ (PC: 4, Accumulator: 2, PSW: 0 [----------------])
New Tick (145)
[145] y 0 0_ _ _ (PC: 4, Accumulator: 2, PSW: 0 [----------------])
New Tick (146)
[146] o 9 0_ _ _ (PC: 245, Accumulator: 2, PSW: 32896 [M-------X-------])
New Tick (147)
	[147] Clock interrupt number [29] has ocurred
New Tick (148)
[148] y 0 0_ _ _ (PC: 4, Accumulator: 2, PSW: 0 [----------------])
New Tick (149)
[149] y 0 0_ _ _ (PC: 4, Accumulator: 2, PSW: 0 [----------------])
New Tick (150)
[150] y 0 0_ _ _ (PC: 4, Accumulator: 2, PSW: 0 [----------------])
New Tick (151)
[151] o 9 0_ _ _ (PC: 245, Accumulator: 2, PSW: 32896 [M-------X-------])
New Tick (152)
	[152] Clock interrupt number [30] has ocurred
New Tick (153)
[153] y 0 0_ _ _ (PC: 4, Accumulator: 2, PSW: 0 [----------------])
New Tick (154)
[154] y 0 0_ _ _ (PC: 4, Accumulator: 2, PSW: 0 [----------------])
New Tick (155)
[155] y 0 0_ _ _ (PC: 4, Accumulator: 2, PSW: 0 [----------------])
New Tick (156)
[156] o 9 0_ _ _ (PC: 245, Accumulator: 2, PSW: 32896 [M-------X-------])
New Tick (157)
	[157] Clock interrupt number [31] has ocurred
New Tick (158)
[158] y 0 0_ _ _ (PC: 4, Accumulator: 2, PSW: 0 [----------------])
New Tick (159)
[159] y 0 0_ _ _ (PC: 4, Accumulator: 2, PSW: 0 [----------------])
New Tick (160)
[160] y 0 0_ _ _ (PC: 4, Accumulator: 2, PSW: 0 [----------------])
New Tick (161)
[161] o 9 0_ _ _ (PC: 245, Accumulator: 2, PSW: 32896 [M-------X-------])
New Tick (162)
	[162] Clock interrupt number [32] has ocurred
New Tick (163)
[163] y 0 0_ _ _ (PC: 4, Accumulator: 2, PSW: 0 [----------------])
New Tick (164)
[164] y 0 0_ _ _ (PC: 4, Accumulator: 2, PSW: 0 [----------------])
New Tick (165)
[165] y 0 0_ _ _ (PC: 4, Accumulator: 2, PSW: 0 [----------------])
New Tick (166)
[166] o 9 0_ _ _ (PC: 245, Accumulator: 2, PSW: 32896 [M-------X-------])
New Tick (167)
	[167] Clock interrupt number [33] has ocurred
New Tick (168)
[168] y 0 0_ _ _ (PC: 4, Accumulator: 2, PSW: 0 [----------------])
New Tick (169)
[169] y 0 0_ _ _ (PC: 4, Accumulator: 2, PSW: 0 [----------------])
New Tick (170)
[170] y 0 0_ _ _ (PC: 4, Accumulator: 2, PSW: 0 [----------------])
New Tick (171)
[171] o 9 0_ _ _ (PC: 245, Accumulator: 2, PSW: 32896 [M-------X-------])
New Tick (172)
	[172] Clock interrupt number [34] has ocurred
New Tick (173)
[173] y 0 0_ _ _ (PC: 4, Accumulator: 2, PSW: 0 [----------------])
New Tick (174)
[174] y 0 0_ _ _ (PC: 4, Accumulator: 2, PSW: 0 [----------------])
New Tick (175)
[175] y 0 0_ _ _ (PC: 4, Accumulator: 2, PSW: 0 [----------------])
New Tick (176)
[176] o 9 0_ _ _ (PC: 245, Accumulator: 2, PSW: 32896 [M-------X-------])
New Tick (177)
	[177] Clock interrupt number [35] has ocurred
New Tick (178)
[178] y 0 0_ _ _ (PC: 4, Accumulator: 2, PSW: 0 [----------------])
New Tick (179)
[179] y 0 0_ _ _ (PC: 4, Accumulator: 2, PSW: 0 [----------------])
New Tick (180)
[180] y 0 0_ _ _ (PC: 4, Accumulator: 2, PSW: 0 [----------------])
New Tick (181)
[181] o 9 0_ _ _ (PC: 245, Accumulator: 2, PSW: 32896 [M-------X-------])
New Tick (182)
	[182] Clock interrupt number [36] has ocurred
New Tick (183)
[183] y 0 0_ _ _ (PC: 4, Accumulator: 2, PSW: 0 [----------------])
New Tick (184)
[184] y 0 0_ _ _ (PC: 4, Accumulator: 2, PSW: 0 [----------------])
New Tick (185)
[185] y 0 0_ _ _ (PC: 4, Accumulator: 2, PSW: 0 [----------------])
New Tick (186)
[186] o 9 0_ _ _ (PC: 245, Accumulator: 2, PSW: 32896 [M-------X-------])
New Tick (187)
	[187] Clock interrupt number [37] has ocurred
New Tick (188)
[188] y 0 0_ _ _ (PC: 4, Accumulator: 2, PSW: 0 [----------------])
New Tick (189)
[189] y 0 0_ _ _ (PC: 4, Accumulator: 2, PSW: 0 [----------------])
New Tick (190)
[190] y 0 0_ _ _ (PC: 4, Accumulator: 2, PSW: 0 [----------------])
New Tick (191)
[191] o 9 0_ _ _ (PC: 245, Accumulator: 2, PSW: 32896 [M-------X-------])
New Tick (192)
	[192] Clock interrupt number [38] has ocurred
New Tick (193)
[193] y 0 0_ _ _ (PC: 4, Accumulator: 2, PSW: 0 [----------------])
New Tick (194)
[194] y 0 0_ _ _ (PC: 4, Accumulator: 2, PSW: 0 [----------------])
New Tick (195)
[195] y 0 0_ _ _ (PC: 4, Accumulator: 2, PSW: 0 [----------------])
New Tick (196)
[196] o 9 0_ _ _ (PC: 245, Accumulator: 2, PSW: 32896 [M-------X-------])
New Tick (197)
	[197] Clock interrupt number [39] has ocurred
New Tick (198)
[198] y 0 0_ _ _ (PC: 4, Accumulator: 2, PSW: 0 [----------------])
New Tick (199)
[199] y 0 0_ _ _ (PC: 4, Accumulator: 2, PSW: 0 [----------------])
New Tick (200)
[200] y 0 0_ _ _ (PC: 4, Accumulator: 2, PSW: 0 [----------------])
New Tick (201)
[201] o 9 0_ _ _ (PC: 245, Accumulator: 2, PSW: 32896 [M-------X-------])
New Tick (202)
	[202] Clock interrupt number [40] has ocurred
New Tick (203)
[203] y 0 0_ _ _ (PC: 4, Accumulator: 2, PSW: 0 [----------------])
New Tick (204)
[204] y 0 0_ _ _ (PC: 4, Accumulator: 2, PSW: 0 [----------------])
New Tick (205)
[205] y 0 0_ _ _ (PC: 4, Accumulator: 2, PSW: 0 [----------------])
New Tick (206)
[206] o 9 0_ _ _ (PC: 245, Accumulator: 2, PSW: 32896 [M-------X-------])
New Tick (207)
	[207] Clock interrupt number [41] has ocurred
New Tick (208)
[208] y 0 0_ _ _ (PC: 4, Accumulator: 2, PSW: 0 [----------------])
New Tick (209)
[209] y 0 0_ _ _ (PC: 4, Accumulator: 2, PSW: 0 [----------------])
New Tick (210)
[210] y 0 0_ _ _ (PC: 4, Accumulator: 2, PSW: 0 [----------------])
New Tick (211)
[211] o 9 0_ _ _ (PC: 245, Accumulator: 2, PSW: 32896 [M-------X-------])
New Tick (212)
	[212] Clock interrupt number [42] has ocurred
New Tick (213)
[213] y 0 0_ _ _ (PC: 4, Accumulator: 2, PSW: 0 [----------------])
New Tick (214)
[214] y 0 0_ _ _ (PC: 4, Accumulator: 2, PSW: 0 [----------------])
New Tick (215)
[215] y 0 0_ _ _ (PC: 4, Accumulator: 2, PSW: 0 [----------------])
New Tick (216)
[216] o 9 0_ _ _ (PC: 245, Accumulator: 2, PSW: 32896 [M-------X-------])
New Tick (217)
	[217] Clock interrupt number [43] has ocurred
New Tick (218)
[218] y 0 0_ _ _ (PC: 4, Accumulator: 2, PSW: 0 [----------------])
New Tick (219)
[219] y 0 0_ _ _ (PC: 4, Accumulator: 2, PSW: 0 [----------------])
New Tick (220)
[220] y 0 0_ _ _ (PC: 4, Accumulator: 2, PSW: 0 [----------------])
New Tick (221)
[221] o 9 0_ _ _ (PC: 245, Accumulator: 2, PSW: 32896 [M-------X-------])
New Tick (222)
	[222] Clock interrupt number [44] has ocurred
New Tick (223)
[223] y 0 0_ _ _ (PC: 4, Accumulator: 2, PSW: 0 [----------------])
New Tick (224)
[224] y 0 0_ _ _ (PC: 4, Accumulator: 2, PSW: 0 [----------------])
New Tick (225)
[225] y 0 0_ _ _ (PC: 4, Accumulator: 2, PSW: 0 [----------------])
New Tick (226)
[226] o 9 0_ _ _ (PC: 245, Accumulator: 2, PSW: 32896 [M-------X-------])
New Tick (227)
	[227] Clock interrupt number [45] has ocurred
New Tick (228)
[228] y 0 0_ _ _ (PC: 4, Accumulator: 2, PSW: 0 [----------------])
New Tick (229)
[229] y 0 0_ _ _ (PC: 4, Accumulator: 2, PSW: 0 [----------------])
New Tick (230)
[230] y 0 0_ _ _ (PC: 4, Accumulator: 2, PSW: 0 [----------------])
New Tick (231)
[231] o 9 0_ _ _ (PC: 245, Accumulator: 2, PSW: 32896 [M-------X-------])
New Tick (232)
	[232] Clock interrupt number [46] has ocurred
New Tick (233)
[233] y 0 0_ _ _ (PC: 4, Accumulator: 2, PSW: 0 [----------------])
New Tick (234)
[234] y 0 0_ _ _ (PC: 4, Accumulator: 2, PSW: 0 [----------------])
New Tick (235)
[235] y 0 0_ _ _ (PC: 4, Accumulator: 2, PSW: 0 [----------------])
New Tick (236)
[236] o 9 0_ _ _ (PC: 245, Accumulator: 2, PSW: 32896 [M-------X-------])
New Tick (237)
	[237] Clock interrupt number [47] has ocurred
New Tick (238)
[238] y 0 0_ _ _ (PC: 4, Accumulator: 2, PSW: 0 [----------------])
New Tick (239)
[239] y 0 0_ _ _ (PC: 4, Accumulator: 2, PSW: 0 [----------------])
New Tick (240)
[240] y 0 0_ _ _ (PC: 4, Accumulator: 2, PSW: 0 [----------------])
New Tick (241)
[241] o 9 0_ _ _ (PC: 245, Accumulator: 2, PSW: 32896 [M-------X-------])
New Tick (242)
	[242] Clock interrupt number [48] has ocurred
New Tick (243)
[243] y 0 0_ _ _ (PC: 4, Accumulator: 2, PSW: 0 [----------------])
New Tick (244)
[244] y 0 0_ _ _ (PC: 4, Accumulator: 2, PSW: 0 [----------------])
New Tick (245)
[245] y 0 0_ _ _ (PC: 4, Accumulator: 2, PSW: 0 [----------------])
New Tick (246)
[246] o 9 0_ _ _ (PC: 245, Accumulator: 2, PSW: 32896 [M-------X-------])
New Tick (247)
	[247] Clock interrupt number [49] has ocurred
New Tick (248)
[248] y 0 0_ _ _ (PC: 4, Accumulator: 2, PSW: 0 [----------------])
New Tick (249)
[249] y 0 0_ _ _ (PC: 4, Accumulator: 2, PSW: 0 [----------------])
New Tick (250)
[250] y 0 0_ _ _ (PC: 4, Accumulator: 2, PSW: 0 [----------------])
New Tick (251)
[251] o 9 0_ _ _ (PC: 245, Accumulator: 2, PSW: 32896 [M-------X-------])
New Tick (252)
	[252] Clock interrupt number [50] has ocurred
New Tick (253)
[253] y 0 0_ _ _ (PC: 4, Accumulator: 2, PSW: 0 [----------------])
New Tick (254)
[254] y 0 0_ _ _ (PC: 4, Accumulator: 2, PSW: 0 [----------------])
New Tick (255)
[255] y 0 0_ _ _ (PC: 4, Accumulator: 2, PSW: 0 [----------------])
New Tick (256)
[256] o 9 0_ _ _ (PC: 245, Accumulator: 2, PSW: 32896 [M-------X-------])
New Tick (257)
	[257] Clock interrupt number [51] has ocurred
New Tick (258)
[258] y 0 0_ _ _ (PC: 4, Accumulator: 2, PSW: 0 [----------------])
New Tick (259)
[259] y 0 0_ _ _ (PC: 4, Accumulator: 2, PSW: 0 [----------------])
New Tick (260)
[260] y 0 0_ _ _ (PC: 4, Accumulator: 2, PSW: 0 [----------------])
New Tick (261)
[261] o 9 0_ _ _ (PC: 245, Accumulator: 2, PSW: 32896 [M-------X-------])
New Tick (262)
	[262] Clock interrupt number [52] has ocurred
New Tick (263)
[263] y 0 0_ _ _ (PC: 4, Accumulator: 2, PSW: 0 [----------------])
New Tick (264)
[264] y 0 0_ _ _ (PC: 4, Accumulator: 2, PSW: 0 [----------------])
New Tick (265)
[265] y 0 0_ _ _ (PC: 4, Accumulator: 2, PSW: 0 [----------------])
New Tick (266)
[266] o 9 0_ _ _ (PC: 245, Accumulator: 2, PSW: 32896 [M-------X-------])
New Tick (267)
	[267] Clock interrupt number [53] has ocurred
New Tick (268)
[268] y 0 0_ _ _ (PC: 4, Accumulator: 2, PSW: 0 [----------------])
New Tick (269)
[269] y 0 0_ _ _ (PC: 4, Accumulator: 2, PSW: 0 [----------------])
New Tick (270)
[270] y 0 0_ _ _ (PC: 4, Accumulator: 2, PSW: 0 [----------------])
New Tick (271)
[271] o 9 0_ _ _ (PC: 245, Accumulator: 2, PSW: 32896 [M-------X-------])
New Tick (272)
	[272] Clock interrupt number [54] has ocurred
New Tick (273)
[273] y 0 0_ _ _ (PC: 4, Accumulator: 2, PSW: 0 [----------------])
New Tick (274)
[274] y 0 0_ _ _ (PC: 4, Accumulator: 2, PSW: 0 [----------------])
New Tick (275)
[275] y 0 0_ _ _ (PC: 4, Accumulator: 2, PSW: 0 [----------------])
New Tick (276)
[276] o 9 0_ _ _ (PC: 245, Accumulator: 2, PSW: 32896 [M-------X-------])
New Tick (277)
	[277] Clock interrupt number [55] has ocurred
New Tick (278)
[278] y 0 0_ _ _ (PC: 4, Accumulator: 2, PSW: 0 [----------------])
New Tick (279)
[279] y 0 0_ _ _ (PC: 4, Accumulator: 2, PSW: 0 [----------------])
New Tick (280)
[280] y 0 0_ _ _ (PC: 4, Accumulator: 2, PSW: 0 [----------------])
New Tick (281)
[281] o 9 0_ _ _ (PC: 245, Accumulator: 2, PSW: 32896 [M-------X-------])
New Tick (282)
	[282] Clock interrupt number [56] has ocurred
New Tick (283)
[283] y 0 0_ _ _ (PC: 4, Accumulator: 2, PSW: 0 [----------------])
New Tick (284)
[284] y 0 0_ _ _ (PC: 4, Accumulator: 2, PSW: 0 [----------------])
New Tick (285)
[285] y 0 0_ _ _ (PC: 4, Accumulator: 2, PSW: 0 [----------------])
New Tick (286)
[286] o 9 0_ _ _ (PC: 245, Accumulator: 2, PSW: 32896 [M-------X-------])
New Tick (287)
	[287] Clock interrupt number [57] has ocurred
New Tick (288)
[288] y 0 0_ _ _ (PC: 4, Accumulator: 2, PSW: 0 [----------------])
New Tick (289)
[289] y 0 0_ _ _ (PC: 4, Accumulator: 2, PSW: 0 [----------------])
New Tick (290)
[290] y 0 0_ _ _ (PC: 4, Accumulator: 2, PSW: 0 [----------------])
New Tick (291)
[291] o 9 0_ _ _ (PC: 245, Accumulator: 2, PSW: 32896 [M-------X-------])
New Tick (292)
	[292] Clock interrupt number [58] has ocurred
New Tick (293)
[293] y 0 0_ _ _ (PC: 4, Accumulator: 2, PSW: 0 [----------------])
New Tick (294)
[294] y 0 0_ _ _ (PC: 4, Accumulator: 2, PSW: 0 [----------------])
New Tick (295)
[295] y 0 0_ _ _ (PC: 4, Accumulator: 2, PSW: 0 [----------------])
New Tick (296)
[296] o 9 0_ _ _ (PC: 245, Accumulator: 2, PSW: 32896 [M-------X-------])
New Tick (297)
	[297] Clock interrupt number [59] has ocurred
New Tick (298)
[298] y 0 0_ _ _ (PC: 4, Accumulator: 2, PSW: 0 [----------------])
New Tick (299)
[299] y 0 0_ _ _ (PC: 4, Accumulator: 2, PSW: 0 [----------------])
New Tick (300)
[300] y 0 0_ _ _ (PC: 4, Accumulator: 2, PSW: 0 [----------------])
New Tick (301)
[301] o 9 0_ _ _ (PC: 245, Accumulator: 2, PSW: 32896 [M-------X-------])
New Tick (302)
	[302] Clock interrupt number [60] has ocurred
New Tick (303)
[303] y 0 0_ _ _ (PC: 4, Accumulator: 2, PSW: 0 [----------------])
New Tick (304)
[304] y 0 0_ _ _ (PC: 4, Accumulator: 2, PSW: 0 [----------------])
New Tick (305)
[305] y 0 0_ _ _ (PC: 4, Accumulator: 2, PSW: 0 [----------------])
New Tick (306)
[306] o 9 0_ _ _ (PC: 245, Accumulator: 2, PSW: 32896 [M-------X-------])
New Tick (307)
	[307] Clock interrupt number [61] has ocurred
New Tick (308)
[308] y 0 0_ _ _ (PC: 4, Accumulator: 2, PSW: 0 [----------------])
New Tick (309)
[309] y 0 0_ _ _ (PC: 4, Accumulator: 2, PSW: 0 [----------------])
New Tick (310)
[310] y 0 0_ _ _ (PC: 4, Accumulator: 2, PSW: 0 [----------------])
New Tick (311)
[311] o 9 0_ _ _ (PC: 245, Accumulator: 2, PSW: 32896 [M-------X-------])
New Tick (312)
	[312] Clock interrupt number [62] has ocurred
New Tick (313)
[313] y 0 0_ _ _ (PC: 4, Accumulator: 2, PSW: 0 [----------------])
New Tick (314)
[314] y 0 0_ _ _ (PC: 4, Accumulator: 2, PSW: 0 [----------------])
New Tick (315)
[315] y 0 0_ _ _ (PC: 4, Accumulator: 2, PSW: 0 [----------------])
New Tick (316)
[316] o 9 0_ _ _ (PC: 245, Accumulator: 2, PSW: 32896 [M-------X-------])
New Tick (317)
	[317] Clock interrupt number [63] has ocurred
New Tick (318)
[318] y 0 0_ _ _ (PC: 4, Accumulator: 2, PSW: 0 [----------------])
New Tick (319)
[319] y 0 0_ _ _ (PC: 4, Accumulator: 2, PSW: 0 [----------------])
New Tick (320)
[320] y 0 0_ _ _ (PC: 4, Accumulator: 2, PSW: 0 [----------------])
New Tick (321)
[321] o 9 0_ _ _ (PC: 245, Accumulator: 2, PSW: 32896 [M-------X-------])
New Tick (322)
	[322] Clock interrupt number [64] has ocurred
New Tick (323)
[323] y 0 0_ _ _ (PC: 4, Accumulator: 2, PSW: 0 [----------------])
New Tick (324)
[324] y 0 0_ _ _ (PC: 4, Accumulator: 2, PSW: 0 [----------------])
New Tick (325)
[325] y 0 0_ _ _ (PC: 4, Accumulator: 2, PSW: 0 [----------------])
New Tick (326)
[326] o 9 0_ _ _ (PC: 245, Accumulator: 2, PSW: 32896 [M-------X-------])
New Tick (327)
	[327] Clock interrupt number [65] has ocurred
New Tick (328)
[328] y 0 0_ _ _ (PC: 4, Accumulator: 2, PSW: 0 [----------------])
New Tick (329)
[329] y 0 0_ _ _ (PC: 4, Accumulator: 2, PSW: 0 [----------------])
New Tick (330)
[330] y 0 0_ _ _ (PC: 4, Accumulator: 2, PSW: 0 [----------------])
New Tick (331)
[331] o 9 0_ _ _ (PC: 245, Accumulator: 2, PSW: 32896 [M-------X-------])
New Tick (332)
	[332] Clock interrupt number [66] has ocurred
New Tick (333)
[333] y 0 0_ _ _ (PC: 4, Accumulator: 2, PSW: 0 [----------------])
New Tick (334)
[334] y 0 0_ _ _ (PC: 4, Accumulator: 2, PSW: 0 [----------------])
New Tick (335)
[335] y 0 0_ _ _ (PC: 4, Accumulator: 2, PSW: 0 [----------------])
New Tick (336)
[336] o 9 0_ _ _ (PC: 245, Accumulator: 2, PSW: 32896 [M-------X-------])
New Tick (337)
	[337] Clock interrupt number [67] has ocurred
New Tick (338)
[338] y 0 0_ _ _ (PC: 4, Accumulator: 2, PSW: 0 [----------------])
New Tick (339)
[339] y 0 0_ _ _ (PC: 4, Accumulator: 2, PSW: 0 [----------------])
New Tick (340)
[340] y 0 0_ _ _ (PC: 4, Accumulator: 2, PSW: 0 [----------------])
New Tick (341)
[341] o 9 0_ _ _ (PC: 245, Accumulator: 2, PSW: 32896 [M-------X-------])
New Tick (342)
	[342] Clock interrupt number [68] has ocurred
New Tick (343)
[343] y 0 0_ _ _ (PC: 4, Accumulator: 2, PSW: 0 [----------------])
New Tick (344)
[344] y 0 0_ _ _ (PC: 4, Accumulator: 2, PSW: 0 [----------------])
New Tick (345)
[345] y 0 0_ _ _ (PC: 4, Accumulator: 2, PSW: 0 [----------------])
New Tick (346)
[346] o 9 0_ _ _ (PC: 245, Accumulator: 2, PSW: 32896 [M-------X-------])
New Tick (347)
	[347] Clock interrupt number [69] has ocurred
New Tick (348)
[348] y 0 0_ _ _ (PC: 4, Accumulator: 2, PSW: 0 [----------------])
New Tick (349)
[349] y 0 0_ _ _ (PC: 4, Accumulator: 2, PSW: 0 [----------------])
New Tick (350)
[350] y 0 0_ _ _ (PC: 4, Accumulator: 2, PSW: 0 [----------------])
New Tick (351)
[351] o 9 0_ _ _ (PC: 245, Accumulator: 2, PSW: 32896 [M-------X-------])
New Tick (352)
	[352] Clock interrupt number [70] has ocurred
New Tick (353)
[353] y 0 0_ _ _ (PC: 4, Accumulator: 2, PSW: 0 [----------------])
New Tick (354)
[354] y 0 0_ _ _ (PC: 4, Accumulator: 2, PSW: 0 [----------------])
New Tick (355)
[355] y 0 0_ _ _ (PC: 4, Accumulator: 2, PSW: 0 [----------------])
New Tick (356)
[356] o 9 0_ _ _ (PC: 245, Accumulator: 2, PSW: 32896 [M-------X-------])
New Tick (357)
	[357] Clock interrupt number [71] has ocurred
New Tick (358)
[358] y 0 0_ _ _ (PC: 4, Accumulator: 2, PSW: 0 [----------------])
New Tick (359)
[359] y 0 0_ _ _ (PC: 4, Accumulator: 2, PSW: 0 [----------------])
New Tick (360)
[360] y 0 0_ _ _ (PC: 4, Accumulator: 2, PSW: 0 [----------------])
New Tick (361)
[361] o 9 0_ _ _ (PC: 245, Accumulator: 2, PSW: 32896 [M-------X-------])
New Tick (362)
	[362] Clock interrupt number [72] has ocurred
New Tick (363)
[363] y 0 0_ _ _ (PC: 4, Accumulator: 2, PSW: 0 [----------------])
New Tick (364)
[364] y 0 0_ _ _ (PC: 4, Accumulator: 2, PSW: 0 [----------------])
New Tick (365)
[365] y 0 0_ _ _ (PC: 4, Accumulator: 2, PSW: 0 [----------------])
New Tick (366)
[366] o 9 0_ _ _ (PC: 245, Accumulator: 2, PSW: 32896 [M-------X-------])
New Tick (367)
	[367] Clock interrupt number [73] has ocurred
New Tick (368)
[368] y 0 0_ _ _ (PC: 4, Accumulator: 2, PSW: 0 [----------------])
New Tick (369)
[369] y 0 0_ _ _ (PC: 4, Accumulator: 2, PSW: 0 [----------------])
New Tick (370)
[370] y 0 0_ _ _ (PC: 4, Accumulator: 2, PSW: 0 [----------------])
New Tick (371)
[371] o 9 0_ _ _ (PC: 245, Accumulator: 2, PSW: 32896 [M-------X-------])
New Tick (372)
	[372] Clock interrupt number [74] has ocurred
New Tick (373)
[373] y 0 0_ _ _ (PC: 4, Accumulator: 2, PSW: 0 [----------------])
New Tick (374)
[374] y 0 0_ _ _ (PC: 4, Accumulator: 2, PSW: 0 [----------------])
New Tick (375)
[375] y 0 0_ _ _ (PC: 4, Accumulator: 2, PSW: 0 [----------------])
New Tick (376)
[376] o 9 0_ _ _ (PC: 245, Accumulator: 2, PSW: 32896 [M-------X-------])
New Tick (377)
	[377] Clock interrupt number [75] has ocurred
New Tick (378)
[378] y 0 0_ _ _ (PC: 4, Accumulator: 2, PSW: 0 [----------------])
New Tick (379)
[379] y 0 0_ _ _ (PC: 4, Accumulator: 2, PSW: 0 [----------------])
New Tick (380)
[380] y 0 0_ _ _ (PC: 4, Accumulator: 2, PSW: 0 [----------------])
New Tick (381)
[381] o 9 0_ _ _ (PC: 245, Accumulator: 2, PSW: 32896 [M-------X-------])
New Tick (382)
	[382] Clock interrupt number [76] has ocurred
New Tick (383)
[383] y 0 0_ _ _ (PC: 4, Accumulator: 2, PSW: 0 [----------------])
New Tick (384)
[384] y 0 0_ _ _ (PC: 4, Accumulator: 2, PSW: 0 [----------------])
New Tick (385)
[385] y 0 0_ _ _ (PC: 4, Accumulator: 2, PSW: 0 [----------------])
New Tick (386)
[386] o 9 0_ _ _ (PC: 245, Accumulator: 2, PSW: 32896 [M-------X-------])
New Tick (387)
	[387] Clock interrupt number [77] has ocurred
New Tick (388)
[388] y 0 0_ _ _ (PC: 4, Accumulator: 2, PSW: 0 [----------------])
New Tick (389)
[389] y 0 0_ _ _ (PC: 4, Accumulator: 2, PSW: 0 [----------------])
New Tick (390)
[390] y 0 0_ _ _ (PC: 4, Accumulator: 2, PSW: 0 [----------------])
New Tick (391)
[391] o 9 0_ _ _ (PC: 245, Accumulator: 2, PSW: 32896 [M-------X-------])
New Tick (392)
	[392] Clock interrupt number [78] has ocurred
New Tick (393)
[393] y 0 0_ _ _ (PC: 4, Accumulator: 2, PSW: 0 [----------------])
New Tick (394)
[394] y 0 0_ _ _ (PC: 4, Accumulator: 2, PSW: 0 [----------------])
New Tick (395)
[395] y 0 0_ _ _ (PC: 4, Accumulator: 2, PSW: 0 [----------------])
New Tick (396)
[396] o 9 0_ _ _ (PC: 245, Accumulator: 2, PSW: 32896 [M-------X-------])
New Tick (397)
	[397] Clock interrupt number [79] has ocurred
New Tick (398)
[398] y 0 0_ _ _ (PC: 4, Accumulator: 2, PSW: 0 [----------------])
New Tick (399)
[399] y 0 0_ _ _ (PC: 4, Accumulator: 2, PSW: 0 [----------------])
New Tick (400)
[400] y 0 0_ _ _ (PC: 4, Accumulator: 2, PSW: 0 [----------------])
New Tick (401)
[401] o 9 0_ _ _ (PC: 245, Accumulator: 2, PSW: 32896 [M-------X-------])
New Tick (402)
	[402] Clock interrupt number [80] has ocurred
New Tick (403)
[403] y 0 0_ _ _ (PC: 4, Accumulator: 2, PSW: 0 [----------------])
New Tick (404)
[404] y 0 0_ _ _ (PC: 4, Accumulator: 2, PSW: 0 [----------------])
New Tick (405)
[405] y 0 0_ _ _ (PC: 4, Accumulator: 2, PSW: 0 [----------------])
New Tick (406)
[406] o 9 0_ _ _ (PC: 245, Accumulator: 2, PSW: 32896 [M-------X-------])
New Tick (407)
	[407] Clock interrupt number [81] has ocurred
New Tick (408)
[408] y 0 0_ _ _ (PC: 4, Accumulator: 2, PSW: 0 [----------------])
New Tick (409)
[409] y 0 0_ _ _ (PC: 4, Accumulator: 2, PSW: 0 [----------------])
New Tick (410)
[410] y 0 0_ _ _ (PC: 4, Accumulator: 2, PSW: 0 [----------------])
New Tick (411)
[411] o 9 0_ _ _ (PC: 245, Accumulator: 2, PSW: 32896 [M-------X-------])
New Tick (412)
	[412] Clock interrupt number [82] has ocurred
New Tick (413)
[413] y 0 0_ _ _ (PC: 4, Accumulator: 2, PSW: 0 [----------------])
New Tick (414)
[414] y 0 0_ _ _ (PC: 4, Accumulator: 2, PSW: 0 [----------------])
New Tick (415)
[415] y 0 0_ _ _ (PC: 4, Accumulator: 2, PSW: 0 [----------------])
New Tick (416)
[416] o 9 0_ _ _ (PC: 245, Accumulator: 2, PSW: 32896 [M-------X-------])
New Tick (417)
	[417] Clock interrupt number [83] has ocurred
New Tick (418)
[418] y 0 0_ _ _ (PC: 4, Accumulator: 2, PSW: 0 [----------------])
New Tick (419)
[419] y 0 0_ _ _ (PC: 4, Accumulator: 2, PSW: 0 [----------------])
New Tick (420)
[420] y 0 0_ _ _ (PC: 4, Accumulator: 2, PSW: 0 [----------------])
New Tick (421)
[421] o 9 0_ _ _ (PC: 245, Accumulator: 2, PSW: 32896 [M-------X-------])
New Tick (422)
	[422] Clock interrupt number [84] has ocurred
New Tick (423)
[423] y 0 0_ _ _ (PC: 4, Accumulator: 2, PSW: 0 [----------------])
New Tick (424)
[424] y 0 0_ _ _ (PC: 4, Accumulator: 2, PSW: 0 [----------------])
New Tick (425)
[425] y 0 0_ _ _ (PC: 4, Accumulator: 2, PSW: 0 [----------------])
New Tick (426)
[426] o 9 0_ _ _ (PC: 245, Accumulator: 2, PSW: 32896 [M-------X-------])
New Tick (427)
	[427] Clock interrupt number [85] has ocurred
New Tick (428)
[428] y 0 0_ _ _ (PC: 4, Accumulator: 2, PSW: 0 [----------------])
New Tick (429)
[429] y 0 0_ _ _ (PC: 4, Accumulator: 2, PSW: 0 [----------------])
New Tick (430)
[430] y 0 0_ _ _ (PC: 4, Accumulator: 2, PSW: 0 [----------------])
New Tick (431)
[431] o 9 0_ _ _ (PC: 245, Accumulator: 2, PSW: 32896 [M-------X-------])
New Tick (432)
	[432] Clock interrupt number [86] has ocurred
New Tick (433)
[433] y 0 0_ _ _ (PC: 4, Accumulator: 2, PSW: 0 [----------------])
New Tick (434)
[434] y 0 0_ _ _ (PC: 4, Accumulator: 2, PSW: 0 [----------------])
New Tick (435)
[435] y 0 0_ _ _ (PC: 4, Accumulator: 2, PSW: 0 [----------------])
New Tick (436)
[436] o 9 0_ _ _ (PC: 245, Accumulator: 2, PSW: 32896 [M-------X-------])
New Tick (437)
	[437] Clock interrupt number [87] has ocurred
New Tick (438)
[438] y 0 0_ _ _ (PC: 4, Accumulator: 2, PSW: 0 [----------------])
New Tick (439)
[439] y 0 0_ _ _ (PC: 4, Accumulator: 2, PSW: 0 [----------------])
New Tick (440)
[440] y 0 0_ _ _ (PC: 4, Accumulator: 2, PSW: 0 [----------------])
New Tick (441)
[441] o 9 0_ _ _ (PC: 245, Accumulator: 2, PSW: 32896 [M-------X-------])
New Tick (442)
	[442] Clock interrupt number [88] has ocurred
New Tick (443)
[443] y 0 0_ _ _ (PC: 4, Accumulator: 2, PSW: 0 [----------------])
New Tick (444)
[444] y 0 0_ _ _ (PC: 4, Accumulator: 2, PSW: 0 [----------------])
New Tick (445)
[445] y 0 0_ _ _ (PC: 4, Accumulator: 2, PSW: 0 [----------------])
New Tick (446)
[446] o 9 0_ _ _ (PC: 245, Accumulator: 2, PSW: 32896 [M-------X-------])
New Tick (447)
	[447] Clock interrupt number [89] has ocurred
New Tick (448)
[448] y 0 0_ _ _ (PC: 4, Accumulator: 2, PSW: 0 [----------------])
New Tick (449)
[449] y 0 0_ _ _ (PC: 4, Accumulator: 2, PSW: 0 [----------------])
New Tick (450)
[450] y 0 0_ _ _ (PC: 4, Accumulator: 2, PSW: 0 [----------------])
New Tick (451)
[451] o 9 0_ _ _ (PC: 245, Accumulator: 2, PSW: 32896 [M-------X-------])
New Tick (452)
	[452] Clock interrupt number [90] has ocurred
New Tick (453)
[453] y 0 0_ _ _ (PC: 4, Accumulator: 2, PSW: 0 [----------------])
New Tick (454)
[454] y 0 0_ _ _ (PC: 4, Accumulator: 2, PSW: 0 [----------------])
New Tick (455)
[455] y 0 0_ _ _ (PC: 4, Accumulator: 2, PSW: 0 [----------------])
New Tick (456)
[456] o 9 0_ _ _ (PC: 245, Accumulator: 2, PSW: 32896 [M-------X-------])
New Tick (457)
	[457] Clock interrupt number [91] has ocurred
New Tick (458)
[458] y 0 0_ _ _ (PC: 4, Accumulator: 2, PSW: 0 [----------------])
New Tick (459)
[459] y 0 0_ _ _ (PC: 4, Accumulator: 2, PSW: 0 [----------------])
New Tick (460)
[460] y 0 0_ _ _ (PC: 4, Accumulator: 2, PSW: 0 [----------------])
New Tick (461)
[461] o 9 0_ _ _ (PC: 245, Accumulator: 2, PSW: 32896 [M-------X-------])
New Tick (462)
	[462] Clock interrupt number [92] has ocurred
New Tick (463)
[463] y 0 0_ _ _ (PC: 4, Accumulator: 2, PSW: 0 [----------------])
New Tick (464)
[464] y 0 0_ _ _ (PC: 4, Accumulator: 2, PSW: 0 [----------------])
New Tick (465)
[465] y 0 0_ _ _ (PC: 4, Accumulator: 2, PSW: 0 [----------------])
New Tick (466)
[466] o 9 0_ _ _ (PC: 245, Accumulator: 2, PSW: 32896 [M-------X-------])
New Tick (467)
	[467] Clock interrupt number [93] has ocurred
New Tick (468)
[468] y 0 0_ _ _ (PC: 4, Accumulator: 2, PSW: 0 [----------------])
New Tick (469)
[469] y 0 0_ _ _ (PC: 4, Accumulator: 2, PSW: 0 [----------------])
New Tick (470)
[470] y 0 0_ _ _ (PC: 4, Accumulator: 2, PSW: 0 [----------------])
New Tick (471)
